2026-01-19 21:22:25 [scrapy.utils.log] INFO: Scrapy 2.14.0 started (bot: jobsCrawler)
2026-01-19 21:22:35 [jobsCH] INFO: Kundenberater Privatkunden und Gewerbe (m/w/d) 100% gespeichert 
2026-01-19 21:22:36 [jobsCH] INFO: Fachspezialist:in wiLLBe Support gespeichert 
2026-01-19 21:22:39 [jobsCH] INFO: Fachpsychologin / Fachpsychologe Ambulatorium gespeichert 
2026-01-19 21:22:44 [jobsCH] INFO: Director or Partner - Finance Transformation Financial Services gespeichert 
2026-01-19 21:22:48 [jobsCH] INFO: Dipl. Pflegefachfrau/Pflegefachmann Chirurgie & Onkologie (a) gespeichert 
2026-01-19 21:22:50 [jobsCH] INFO: Praktikantin / Praktikant AEMP (a) 80-100% gespeichert 
2026-01-19 21:22:57 [jobsCH] INFO: Dipl. Pflegefachfrau / Pflegefachmann mit Berufsbildner-Funktion (a) 80-100% existiert bereits → dropped
2026-01-19 21:23:01 [jobsCH] INFO: Fachfrau/ Fachmann für Klinische Surveillance (a) 40-60% existiert bereits → dropped
2026-01-19 21:23:02 [jobsCH] INFO: Fachperson Gesundheit, Standort Dorflinde existiert bereits → dropped
2026-01-19 21:23:09 [jobsCH] INFO: Senior Strategy Consultant 100% (a) existiert bereits → dropped
2026-01-19 21:23:10 [jobsCH] INFO: Pflegefachfrau / Pflegefachmann HF in Ausbildung Somatik, 4 Jahre (w/m/d) existiert bereits → dropped
2026-01-19 21:23:13 [jobsCH] INFO: Sachbearbeiter:in Bewirtschaftung gespeichert 
2026-01-19 21:23:14 [jobsCH] INFO: Fachingenieur Entsorgung Brennelemente gespeichert 
2026-01-19 21:23:22 [jobsCH] INFO: Scientist HPLC gespeichert 
2026-01-19 21:23:23 [jobsCH] INFO: TreuhänderIn 40 – 60 % gespeichert 
2026-01-19 21:23:26 [jobsCH] INFO: Assistant(e) technique 80% (H/F) gespeichert 
2026-01-19 21:23:27 [jobsCH] INFO: Sachbearbeiter/in Allgemeine Dienste 100% gespeichert 
2026-01-19 21:23:35 [jobsCH] INFO: Teamleiter:in Bewirtschaftung Geschäftsflächen gespeichert 
2026-01-19 21:23:39 [jobsCH] INFO: Technischer Account Manager & Sales Operations (Junior-Professional) gespeichert 
2026-01-19 21:23:52 [jobsCH] INFO: Dipl. Pflegefachfrau / Pflegefachmann HF/FH/DNII 40-100% gespeichert 
2026-01-19 21:23:53 [jobsCH] INFO: Empfangsmitarbeiter 60 - 70 % (m/w/d) gespeichert 
2026-01-19 21:23:55 [jobsCH] INFO: Verkaufsmitarbeiter:in mit Allroundfunktion gespeichert 
2026-01-19 21:23:56 [jobsCH] INFO: Immobilienmakler/-in hauptberuflich gespeichert 
2026-01-19 21:24:05 [jobsCH] INFO: Leitung Qualitätsicherung gespeichert 
2026-01-19 21:24:06 [jobsCH] INFO: Servicetechniker*in – Region Küsnacht / Uster gespeichert 
2026-01-19 21:24:07 [jobsCH] INFO: Projektleiter/in Tiefbau & Werkleitungen gespeichert 
2026-01-19 21:24:08 [jobsCH] INFO: LKW- Chauffeur / Mechaniker / Werkstatt Chef gespeichert 
2026-01-19 21:24:09 [jobsCH] INFO: Demand Planner & Supply Chain Coordinator 100% (w/m) gespeichert 
2026-01-19 21:24:17 [jobsCH] INFO: Operator Reagents Operations (m/w/d) gespeichert 
2026-01-19 21:24:19 [jobsCH] INFO: High Voltage Engineer für Hochspannungsprüfsysteme (m/w/d) gespeichert 
2026-01-19 21:24:20 [jobsCH] INFO: Immobilien Projekt-Entwickler:in gespeichert 
2026-01-19 21:24:22 [jobsCH] INFO: Produktionsmitarbeiter Granulierung 100% (m/w/d) gespeichert 
2026-01-19 21:24:31 [jobsCH] INFO: Leiterin oder Leiter Logistik 80-100% gespeichert 
2026-01-19 21:24:32 [jobsCH] INFO: Fachperson Gesundheit EFZ (50  100%) gespeichert 
2026-01-19 21:24:33 [jobsCH] INFO: Mitarbeiter*in Human Resources (70-100%) gespeichert 
2026-01-19 21:24:34 [jobsCH] INFO: Landschaftsgärtner (80%) gespeichert 
2026-01-19 21:24:43 [jobsCH] INFO: Elektriker Instandhaltung (m/w/d) gespeichert 
2026-01-19 21:24:49 [jobsCH] INFO: Disponent / Techn. Sachbearbeiter (w/m/d) gespeichert 
2026-01-19 21:24:54 [jobsCH] INFO: Sales Manager*in MedTech (100 %) gespeichert 
2026-01-19 21:24:56 [jobsCH] INFO: Teamleiter/in Backoffice 80-100% (m/w/d) gespeichert 
2026-01-19 21:24:57 [jobsCH] INFO: Sales Expert Cyber Security Services gespeichert 
2026-01-19 21:25:01 [jobsCH] INFO: Dynamics 365 Finance & Operations Engineer gespeichert 
