2026-01-21 19:46:09 [scrapy.utils.log] INFO: Scrapy 2.14.0 started (bot: jobsCrawler)
2026-01-21 19:46:21 [jobsCH] INFO: Sitzwache im Stundenlohn existiert bereits → dropped
2026-01-21 19:46:22 [jobsCH] INFO: Sachbearbeiter/in Personenversicherungen KTG/UVG (m/w/d), 80-100% DE/FR existiert bereits → dropped
2026-01-21 19:46:23 [jobsCH] INFO: Kaufmännische Sachbearbeiterin 60-100% existiert bereits → dropped
2026-01-21 19:46:24 [jobsCH] INFO: Senior Project Manager (a) existiert bereits → dropped
2026-01-21 19:46:33 [jobsCH] INFO: IT-Projektleiter/in (m/w/d) existiert bereits → dropped
2026-01-21 19:46:34 [jobsCH] INFO: Credit Advisor Finanzierungen Liechtenstein 80-100% (w/m/d) existiert bereits → dropped
2026-01-21 19:46:35 [jobsCH] INFO: Zivilstandsbeamtin/-beamten mit FA existiert bereits → dropped
2026-01-21 19:46:37 [jobsCH] INFO: Mitarbeiter/in oder Fachfrau / Fachmann OP-Lagerung existiert bereits → dropped
2026-01-21 19:46:45 [jobsCH] INFO: Projektleiter Elektro Planung & Sicherheit (m/w/d) 80 – 100% existiert bereits → dropped
2026-01-21 19:46:47 [jobsCH] INFO: Sachbearbeiter/in Vorsorge- / Stiftungsbuchhaltung 100% existiert bereits → dropped
2026-01-21 19:46:48 [jobsCH] INFO: Kundenberater Ausstellung Sanitär 100% (m/w/d) existiert bereits → dropped
2026-01-21 19:46:49 [jobsCH] INFO: Leiter/in Produktion (m/w/d) existiert bereits → dropped
2026-01-21 19:46:57 [jobsCH] INFO: Projektleiter:in Baumanagement / Bauherrenvertretung (Fachbereich Ausführung) existiert bereits → dropped
2026-01-21 19:46:59 [jobsCH] INFO: Betreuer/-in, 80-100% existiert bereits → dropped
2026-01-21 19:47:07 [jobsCH] INFO: Mitarbeiter Aufsicht und Betreuung Regionalgefängnis Bern, 80 - 100 % existiert bereits → dropped
2026-01-21 19:47:08 [jobsCH] INFO: Disponentin / Disponent w/m/d existiert bereits → dropped
2026-01-21 19:47:10 [jobsCH] INFO: Fachperson Gesundheit (FaGe) Psychiatrie 50-100% - Temporär mit vielen Vorteilen! existiert bereits → dropped
2026-01-21 19:47:12 [jobsCH] INFO: Audiopädagogin / Audiopädagoge (a) für Kinder und Jugendliche existiert bereits → dropped
2026-01-21 19:47:19 [jobsCH] INFO: Senior Bewirtschafter Gewerbeimmobilien (m/w/d), Bern, 80%-100% existiert bereits → dropped
2026-01-21 19:47:20 [jobsCH] INFO: Call Center: Retention Specialist 100 % existiert bereits → dropped
2026-01-21 19:47:22 [jobsCH] INFO: Senior Projektleitung strategische HR- und HR-IT Projekte existiert bereits → dropped
2026-01-21 19:47:22 [jobsCH] INFO: Praktikant*in IT als Service Manager existiert bereits → dropped
2026-01-21 19:47:30 [jobsCH] INFO: Betriebsleiter*in Bischofszell existiert bereits → dropped
2026-01-21 19:47:31 [jobsCH] INFO: Visual Merchandiser Frische (w/m/d) existiert bereits → dropped
2026-01-21 19:47:34 [jobsCH] INFO: Techniker:in Gebäudetechnik HLKS / Decken- & Klimalösungen (FH) existiert bereits → dropped
2026-01-21 19:47:35 [jobsCH] INFO: Immobilienbewerter (m/w/d) 80% - 100% in Zürich existiert bereits → dropped
2026-01-21 19:47:43 [jobsCH] INFO: Automatiker existiert bereits → dropped
2026-01-21 19:47:46 [jobsCH] INFO: Senior Controller/-in existiert bereits → dropped
2026-01-21 19:47:47 [jobsCH] INFO: Spitex - Fachperson Gesundheit EFZ Demenzteam gespeichert 
2026-01-21 19:47:49 [jobsCH] INFO: Business Process Analyst/in Operations 100% gespeichert 
2026-01-21 19:47:54 [jobsCH] INFO: Service Techniker (a) Region Churer Rheintal, Imboden, Viamala, Sarganserland, Werdenberg gespeichert 
2026-01-21 19:47:58 [jobsCH] INFO: Mitarbeiter Heisskanal Montage (Revisionen) 100% (m/w) gespeichert 
2026-01-21 19:47:59 [jobsCH] INFO: Logistiker:in Warenbereitstellung Spätschicht gespeichert 
2026-01-21 19:48:04 [jobsCH] INFO: Scrapy 2.14.0 reached its limit after 5 items → stopped crawling.
