2026-01-21 19:17:59 [scrapy.utils.log] INFO: Scrapy 2.14.0 started (bot: jobsCrawler)
2026-01-21 19:18:10 [jobsCH] INFO: Sitzwache im Stundenlohn existiert bereits → dropped
2026-01-21 19:18:11 [jobsCH] INFO: Sachbearbeiter/in Personenversicherungen KTG/UVG (m/w/d), 80-100% DE/FR existiert bereits → dropped
2026-01-21 19:18:12 [jobsCH] INFO: Kaufmännische Sachbearbeiterin 60-100% existiert bereits → dropped
2026-01-21 19:18:13 [jobsCH] INFO: Senior Project Manager (a) existiert bereits → dropped
2026-01-21 19:18:22 [jobsCH] INFO: IT-Projektleiter/in (m/w/d) existiert bereits → dropped
2026-01-21 19:18:23 [jobsCH] INFO: Credit Advisor Finanzierungen Liechtenstein 80-100% (w/m/d) existiert bereits → dropped
2026-01-21 19:18:25 [jobsCH] INFO: Zivilstandsbeamtin/-beamten mit FA existiert bereits → dropped
2026-01-21 19:18:26 [jobsCH] INFO: Mitarbeiter/in oder Fachfrau / Fachmann OP-Lagerung existiert bereits → dropped
2026-01-21 19:18:34 [jobsCH] INFO: Projektleiter Elektro Planung & Sicherheit (m/w/d) 80 – 100% existiert bereits → dropped
2026-01-21 19:18:35 [jobsCH] INFO: Sachbearbeiter/in Vorsorge- / Stiftungsbuchhaltung 100% existiert bereits → dropped
2026-01-21 19:18:37 [jobsCH] INFO: Kundenberater Ausstellung Sanitär 100% (m/w/d) existiert bereits → dropped
2026-01-21 19:18:38 [jobsCH] INFO: Leiter/in Produktion (m/w/d) existiert bereits → dropped
2026-01-21 19:18:47 [jobsCH] INFO: Projektleiter:in Baumanagement / Bauherrenvertretung (Fachbereich Ausführung) existiert bereits → dropped
2026-01-21 19:18:48 [jobsCH] INFO: Betreuer/-in, 80-100% existiert bereits → dropped
2026-01-21 19:18:55 [jobsCH] INFO: Mitarbeiter Aufsicht und Betreuung Regionalgefängnis Bern, 80 - 100 % existiert bereits → dropped
2026-01-21 19:18:56 [jobsCH] INFO: Disponentin / Disponent w/m/d existiert bereits → dropped
2026-01-21 19:18:59 [jobsCH] INFO: Fachperson Gesundheit (FaGe) Psychiatrie 50-100% - Temporär mit vielen Vorteilen! existiert bereits → dropped
2026-01-21 19:18:59 [jobsCH] INFO: Audiopädagogin / Audiopädagoge (a) für Kinder und Jugendliche existiert bereits → dropped
2026-01-21 19:19:07 [jobsCH] INFO: Senior Bewirtschafter Gewerbeimmobilien (m/w/d), Bern, 80%-100% gespeichert 
2026-01-21 19:19:08 [jobsCH] INFO: Call Center: Retention Specialist 100 % gespeichert 
2026-01-21 19:19:11 [jobsCH] INFO: Senior Projektleitung strategische HR- und HR-IT Projekte gespeichert 
2026-01-21 19:19:12 [jobsCH] INFO: Praktikant*in IT als Service Manager gespeichert 
2026-01-21 19:19:20 [jobsCH] INFO: Betriebsleiter*in Bischofszell gespeichert 
2026-01-21 19:19:25 [jobsCH] INFO: Scrapy 2.14.0 reached its limit after 5 items → stopped crawling.
