2026-01-21 19:16:01 [scrapy.utils.log] INFO: Scrapy 2.14.0 started (bot: jobsCrawler)
2026-01-21 19:16:12 [jobsCH] INFO: Sitzwache im Stundenlohn gespeichert 
2026-01-21 19:16:13 [jobsCH] INFO: Sachbearbeiter/in Personenversicherungen KTG/UVG (m/w/d), 80-100% DE/FR gespeichert 
2026-01-21 19:16:14 [jobsCH] INFO: Kaufmännische Sachbearbeiterin 60-100% gespeichert 
2026-01-21 19:16:15 [jobsCH] INFO: Senior Project Manager (a) gespeichert 
2026-01-21 19:16:23 [jobsCH] INFO: IT-Projektleiter/in (m/w/d) gespeichert 
2026-01-21 19:16:24 [jobsCH] INFO: Credit Advisor Finanzierungen Liechtenstein 80-100% (w/m/d) gespeichert 
2026-01-21 19:16:25 [jobsCH] INFO: Zivilstandsbeamtin/-beamten mit FA gespeichert 
2026-01-21 19:16:26 [jobsCH] INFO: Mitarbeiter/in oder Fachfrau / Fachmann OP-Lagerung gespeichert 
2026-01-21 19:16:35 [jobsCH] INFO: Projektleiter Elektro Planung & Sicherheit (m/w/d) 80 – 100% gespeichert 
2026-01-21 19:16:37 [jobsCH] INFO: Sachbearbeiter/in Vorsorge- / Stiftungsbuchhaltung 100% gespeichert 
2026-01-21 19:16:38 [jobsCH] INFO: Kundenberater Ausstellung Sanitär 100% (m/w/d) gespeichert 
2026-01-21 19:16:39 [jobsCH] INFO: Leiter/in Produktion (m/w/d) gespeichert 
2026-01-21 19:16:49 [jobsCH] INFO: Projektleiter:in Baumanagement / Bauherrenvertretung (Fachbereich Ausführung) gespeichert 
2026-01-21 19:16:50 [jobsCH] INFO: Betreuer/-in, 80-100% gespeichert 
2026-01-21 19:16:57 [jobsCH] INFO: Mitarbeiter Aufsicht und Betreuung Regionalgefängnis Bern, 80 - 100 % gespeichert 
2026-01-21 19:16:59 [jobsCH] INFO: Disponentin / Disponent w/m/d gespeichert 
2026-01-21 19:17:01 [jobsCH] INFO: Fachperson Gesundheit (FaGe) Psychiatrie 50-100% - Temporär mit vielen Vorteilen! gespeichert 
2026-01-21 19:17:03 [jobsCH] INFO: Audiopädagogin / Audiopädagoge (a) für Kinder und Jugendliche gespeichert 
2026-01-21 19:17:08 [jobsCH] INFO: Scrapy 2.14.0 reached its limit after 100 items → stopped crawling.
