2026-01-21 19:24:35 [scrapy.utils.log] INFO: Scrapy 2.14.0 started (bot: jobsCrawler)
2026-01-21 19:24:46 [jobsCH] INFO: Sitzwache im Stundenlohn existiert bereits → dropped
2026-01-21 19:24:47 [jobsCH] INFO: Sachbearbeiter/in Personenversicherungen KTG/UVG (m/w/d), 80-100% DE/FR existiert bereits → dropped
2026-01-21 19:24:48 [jobsCH] INFO: Kaufmännische Sachbearbeiterin 60-100% existiert bereits → dropped
2026-01-21 19:24:49 [jobsCH] INFO: Senior Project Manager (a) existiert bereits → dropped
2026-01-21 19:24:57 [jobsCH] INFO: IT-Projektleiter/in (m/w/d) existiert bereits → dropped
2026-01-21 19:24:59 [jobsCH] INFO: Credit Advisor Finanzierungen Liechtenstein 80-100% (w/m/d) existiert bereits → dropped
2026-01-21 19:25:00 [jobsCH] INFO: Zivilstandsbeamtin/-beamten mit FA existiert bereits → dropped
2026-01-21 19:25:01 [jobsCH] INFO: Mitarbeiter/in oder Fachfrau / Fachmann OP-Lagerung existiert bereits → dropped
2026-01-21 19:25:10 [jobsCH] INFO: Projektleiter Elektro Planung & Sicherheit (m/w/d) 80 – 100% existiert bereits → dropped
2026-01-21 19:25:11 [jobsCH] INFO: Sachbearbeiter/in Vorsorge- / Stiftungsbuchhaltung 100% existiert bereits → dropped
2026-01-21 19:25:12 [jobsCH] INFO: Kundenberater Ausstellung Sanitär 100% (m/w/d) existiert bereits → dropped
2026-01-21 19:25:13 [jobsCH] INFO: Leiter/in Produktion (m/w/d) existiert bereits → dropped
2026-01-21 19:25:21 [jobsCH] INFO: Projektleiter:in Baumanagement / Bauherrenvertretung (Fachbereich Ausführung) existiert bereits → dropped
2026-01-21 19:25:22 [jobsCH] INFO: Betreuer/-in, 80-100% existiert bereits → dropped
2026-01-21 19:25:30 [jobsCH] INFO: Mitarbeiter Aufsicht und Betreuung Regionalgefängnis Bern, 80 - 100 % existiert bereits → dropped
2026-01-21 19:25:31 [jobsCH] INFO: Disponentin / Disponent w/m/d existiert bereits → dropped
2026-01-21 19:25:34 [jobsCH] INFO: Fachperson Gesundheit (FaGe) Psychiatrie 50-100% - Temporär mit vielen Vorteilen! existiert bereits → dropped
2026-01-21 19:25:35 [jobsCH] INFO: Audiopädagogin / Audiopädagoge (a) für Kinder und Jugendliche existiert bereits → dropped
2026-01-21 19:25:42 [jobsCH] INFO: Senior Bewirtschafter Gewerbeimmobilien (m/w/d), Bern, 80%-100% existiert bereits → dropped
2026-01-21 19:25:43 [jobsCH] INFO: Call Center: Retention Specialist 100 % existiert bereits → dropped
2026-01-21 19:25:45 [jobsCH] INFO: Senior Projektleitung strategische HR- und HR-IT Projekte existiert bereits → dropped
2026-01-21 19:25:46 [jobsCH] INFO: Praktikant*in IT als Service Manager existiert bereits → dropped
2026-01-21 19:25:53 [jobsCH] INFO: Betriebsleiter*in Bischofszell existiert bereits → dropped
2026-01-21 19:25:55 [jobsCH] INFO: Visual Merchandiser Frische (w/m/d) gespeichert 
2026-01-21 19:25:57 [jobsCH] INFO: Techniker:in Gebäudetechnik HLKS / Decken- & Klimalösungen (FH) gespeichert 
2026-01-21 19:25:58 [jobsCH] INFO: Immobilienbewerter (m/w/d) 80% - 100% in Zürich gespeichert 
2026-01-21 19:26:05 [jobsCH] INFO: Automatiker gespeichert 
2026-01-21 19:26:09 [jobsCH] INFO: Senior Controller/-in gespeichert 
2026-01-21 19:26:14 [jobsCH] INFO: Scrapy 2.14.0 reached its limit after 5 items → stopped crawling.
