2026-01-19 15:40:36 [scrapy] INFO: Scrapy 2.14.0 started (bot: jobsCrawler)
2026-01-19 15:40:48 [jobsCH] INFO: Mitarbeiter/-in für unseren Pflegepool existiert bereits → dropped
2026-01-19 15:40:49 [jobsCH] INFO: Kalkulator von Bauausschreibungen 100% (m/w/d) existiert bereits → dropped
2026-01-19 15:40:50 [jobsCH] INFO: System Engineer existiert bereits → dropped
2026-01-19 15:40:53 [jobsCH] INFO: Orthopädie - Schuhmacherin/Schuhmacher (m/w/d) 50-100 % existiert bereits → dropped
2026-01-19 15:41:00 [jobsCH] INFO: Dipl. Pflegefachfrau / Pflegefachmann mit Berufsbildner-Funktion (a) 80-100% existiert bereits → dropped
2026-01-19 15:41:05 [jobsCH] INFO: Fachfrau/ Fachmann für Klinische Surveillance (a) 40-60% existiert bereits → dropped
2026-01-19 15:41:06 [jobsCH] INFO: Fachperson Gesundheit, Standort Dorflinde existiert bereits → dropped
2026-01-19 15:41:12 [jobsCH] INFO: Senior Strategy Consultant 100% (a) existiert bereits → dropped
2026-01-19 15:41:14 [jobsCH] INFO: Pflegefachfrau / Pflegefachmann HF in Ausbildung Somatik, 4 Jahre (w/m/d) existiert bereits → dropped
2026-01-19 15:41:17 [jobsCH] INFO: Fachfrau / Fachmann Gesundheit im Bereich der Palliative Care existiert bereits → dropped
2026-01-19 15:41:19 [jobsCH] INFO: Servicemonteur Region Deutschschweiz 100% existiert bereits → dropped
2026-01-19 15:41:24 [jobsCH] INFO: Firmenkunden-Beraterin, Firmenkunden-Berater mit Fokus Kommerz- und Immobilienkunden (a) existiert bereits → dropped
2026-01-19 15:41:27 [jobsCH] INFO: Technische(r) Planer/in & Deviseur/in zur Erstellung von Leistungsverzeichnissen für Abdichtungen von Hoch- und Ingenieurbauten 80-100% existiert bereits → dropped
2026-01-19 15:41:29 [jobsCH] INFO: Senior System Engineer (a) (80  100%) existiert bereits → dropped
2026-01-19 15:41:31 [jobsCH] INFO: Sachbearbeiter / In AVOR 80-100% existiert bereits → dropped
2026-01-19 15:41:42 [jobsCH] INFO: Vorarbeiter:in Tiefbau und Strassenbau existiert bereits → dropped
2026-01-19 15:41:44 [jobsCH] INFO: Mitarbeiter:in Verkauf 60% existiert bereits → dropped
2026-01-19 15:41:45 [jobsCH] INFO: Allrounder (Lager - Technik) 80% existiert bereits → dropped
2026-01-19 15:41:46 [jobsCH] INFO: Aufzugs-Monteur:in Ersatzanlagen 100% existiert bereits → dropped
2026-01-19 15:41:54 [jobsCH] INFO: HR Business Partner (w/m/d) existiert bereits → dropped
2026-01-19 15:41:55 [jobsCH] INFO: Ergotherapeut:in / Physiotherapeut:in Handtherapie 80% existiert bereits → dropped
2026-01-19 15:41:57 [jobsCH] INFO: Workforce Planner (w/m/d) existiert bereits → dropped
2026-01-19 15:42:03 [jobsCH] INFO: Distribution Manager 60-80% (m/w/d) existiert bereits → dropped
2026-01-19 15:42:06 [jobsCH] INFO: Personalberater/in  für ambitionierte Quereinsteiger oder erfahrene Profis existiert bereits → dropped
2026-01-19 15:42:07 [jobsCH] INFO: Rechtsanwältin/Rechtsanwalt für den Bereich M&A/Private Equity/Venture Capital (Berufseinstieg) existiert bereits → dropped
2026-01-19 15:42:09 [jobsCH] INFO: Fachperson Nachtwache (m/w/d) 60-70% existiert bereits → dropped
2026-01-19 15:42:14 [jobsCH] INFO: Crew Mitarbeiter/in McDonald`s Aarberg (Teilzeit) existiert bereits → dropped
2026-01-19 15:42:18 [jobsCH] INFO: Betriebsmechaniker / Techniker Münsterlingen (m/w/d) 100% existiert bereits → dropped
2026-01-19 15:42:22 [jobsCH] INFO: Restaurant Metropol, Chef de Service w/m existiert bereits → dropped
2026-01-19 15:42:25 [jobsCH] INFO: Verkaufsspezialist/-in Objektküchen Zentralschweiz existiert bereits → dropped
2026-01-19 15:42:30 [jobsCH] INFO: Sales Agent Telekommunikation 100%) - Region Chur existiert bereits → dropped
2026-01-19 15:42:33 [jobsCH] INFO: Bau-/Projektleiter/in 80-100% existiert bereits → dropped
2026-01-19 15:42:38 [jobsCH] INFO: Kinder- und Jugendbeauftragte/r existiert bereits → dropped
2026-01-19 15:42:40 [jobsCH] INFO: Mitarbeitende/r Administration (80-100 %) existiert bereits → dropped
2026-01-19 15:42:43 [jobsCH] INFO: Software Engineer (w/m/d) existiert bereits → dropped
2026-01-19 15:42:56 [jobsCH] INFO: Senior Accountant / Controller (m/w/d, 80-100%) existiert bereits → dropped
2026-01-19 15:42:57 [jobsCH] INFO: International Key Account Manager existiert bereits → dropped
2026-01-19 15:42:59 [jobsCH] INFO: Sponsoring- & Fundraising Profi (m/w/d) 80-100% existiert bereits → dropped
2026-01-19 15:43:00 [jobsCH] INFO: Pflegehilfe SRK (m/w/d) Langzeitpflege existiert bereits → dropped
2026-01-19 15:43:08 [jobsCH] INFO: Schreiner/in - Top Firma und Stundenlohn existiert bereits → dropped
2026-01-19 15:43:09 [jobsCH] INFO: Corporate Partnership Specialist existiert bereits → dropped
2026-01-19 15:43:10 [jobsCH] INFO: Inbetriebnahmetechniker. 100% Lohn. 4.5 Tage/Woche. existiert bereits → dropped
2026-01-19 15:43:18 [jobsCH] INFO: Servicetechniker:in Industrieanlagen existiert bereits → dropped
2026-01-19 15:43:26 [jobsCH] INFO: Consultant 100% (m/w/d) - Luzern existiert bereits → dropped
2026-01-19 15:43:28 [jobsCH] INFO: HR-SPEZIALIST:IN (A) | unbefristet | 80 - 100 % existiert bereits → dropped
2026-01-19 15:43:29 [jobsCH] INFO: Mitarbeiter/in Treuhand existiert bereits → dropped
2026-01-19 15:43:31 [jobsCH] INFO: Responsabile Team Logistica 100% (m/f/d) gespeichert 
2026-01-19 15:43:39 [jobsCH] INFO: Laboratory Technician (m/f/d) in Disease Control Whole Plant Screening gespeichert 
2026-01-19 15:43:41 [jobsCH] INFO: Bilingual Science Editor Communication (m/f/d) (100 %) gespeichert 
2026-01-19 15:43:42 [jobsCH] INFO: Junior Projektleiter:in Elektro - Starte deine Karriere im Projektalltag gespeichert 
2026-01-19 15:43:45 [jobsCH] INFO: (Junior) Projektleiter 60 - 100 % (m/w/d) gespeichert 
2026-01-19 15:43:52 [jobsCH] INFO: Abteilungs-/Projektleiter Spenglerei (m/w/d) gespeichert 
2026-01-19 15:43:57 [jobsCH] INFO: Communication Systems Engineer gespeichert 
2026-01-19 15:44:03 [jobsCH] INFO: Scrapy 2.14.0 reached its limit after 7 items → stopped crawling.
