2026-01-19 15:35:46 [scrapy] INFO: Scrapy 2.14.0 started (bot: jobsCrawler)
2026-01-19 15:35:58 [jobsCH] INFO: Mitarbeiter/-in für unseren Pflegepool existiert bereits → dropped
2026-01-19 15:35:59 [jobsCH] INFO: Kalkulator von Bauausschreibungen 100% (m/w/d) existiert bereits → dropped
2026-01-19 15:36:00 [jobsCH] INFO: System Engineer existiert bereits → dropped
2026-01-19 15:36:02 [jobsCH] INFO: Orthopädie - Schuhmacherin/Schuhmacher (m/w/d) 50-100 % existiert bereits → dropped
2026-01-19 15:36:10 [jobsCH] INFO: Dipl. Pflegefachfrau / Pflegefachmann mit Berufsbildner-Funktion (a) 80-100% existiert bereits → dropped
2026-01-19 15:36:14 [jobsCH] INFO: Fachfrau/ Fachmann für Klinische Surveillance (a) 40-60% existiert bereits → dropped
2026-01-19 15:36:17 [jobsCH] INFO: Fachperson Gesundheit, Standort Dorflinde existiert bereits → dropped
2026-01-19 15:36:22 [jobsCH] INFO: Senior Strategy Consultant 100% (a) existiert bereits → dropped
2026-01-19 15:36:24 [jobsCH] INFO: Pflegefachfrau / Pflegefachmann HF in Ausbildung Somatik, 4 Jahre (w/m/d) existiert bereits → dropped
2026-01-19 15:36:26 [jobsCH] INFO: Fachfrau / Fachmann Gesundheit im Bereich der Palliative Care existiert bereits → dropped
2026-01-19 15:36:29 [jobsCH] INFO: Servicemonteur Region Deutschschweiz 100% existiert bereits → dropped
2026-01-19 15:36:33 [jobsCH] INFO: Firmenkunden-Beraterin, Firmenkunden-Berater mit Fokus Kommerz- und Immobilienkunden (a) existiert bereits → dropped
2026-01-19 15:36:36 [jobsCH] INFO: Technische(r) Planer/in & Deviseur/in zur Erstellung von Leistungsverzeichnissen für Abdichtungen von Hoch- und Ingenieurbauten 80-100% existiert bereits → dropped
2026-01-19 15:36:38 [jobsCH] INFO: Senior System Engineer (a) (80  100%) existiert bereits → dropped
2026-01-19 15:36:41 [jobsCH] INFO: Sachbearbeiter / In AVOR 80-100% existiert bereits → dropped
2026-01-19 15:36:51 [jobsCH] INFO: Vorarbeiter:in Tiefbau und Strassenbau existiert bereits → dropped
2026-01-19 15:36:52 [jobsCH] INFO: Mitarbeiter:in Verkauf 60% existiert bereits → dropped
2026-01-19 15:36:54 [jobsCH] INFO: Allrounder (Lager - Technik) 80% existiert bereits → dropped
2026-01-19 15:36:55 [jobsCH] INFO: Aufzugs-Monteur:in Ersatzanlagen 100% existiert bereits → dropped
2026-01-19 15:37:02 [jobsCH] INFO: HR Business Partner (w/m/d) existiert bereits → dropped
2026-01-19 15:37:04 [jobsCH] INFO: Ergotherapeut:in / Physiotherapeut:in Handtherapie 80% existiert bereits → dropped
2026-01-19 15:37:06 [jobsCH] INFO: Workforce Planner (w/m/d) existiert bereits → dropped
2026-01-19 15:37:11 [jobsCH] INFO: Distribution Manager 60-80% (m/w/d) existiert bereits → dropped
2026-01-19 15:37:14 [jobsCH] INFO: Personalberater/in  für ambitionierte Quereinsteiger oder erfahrene Profis existiert bereits → dropped
2026-01-19 15:37:15 [jobsCH] INFO: Rechtsanwältin/Rechtsanwalt für den Bereich M&A/Private Equity/Venture Capital (Berufseinstieg) existiert bereits → dropped
2026-01-19 15:37:18 [jobsCH] INFO: Fachperson Nachtwache (m/w/d) 60-70% existiert bereits → dropped
2026-01-19 15:37:23 [jobsCH] INFO: Crew Mitarbeiter/in McDonald`s Aarberg (Teilzeit) existiert bereits → dropped
2026-01-19 15:37:27 [jobsCH] INFO: Betriebsmechaniker / Techniker Münsterlingen (m/w/d) 100% existiert bereits → dropped
2026-01-19 15:37:30 [jobsCH] INFO: Restaurant Metropol, Chef de Service w/m existiert bereits → dropped
2026-01-19 15:37:33 [jobsCH] INFO: Verkaufsspezialist/-in Objektküchen Zentralschweiz existiert bereits → dropped
2026-01-19 15:37:39 [jobsCH] INFO: Sales Agent Telekommunikation 100%) - Region Chur existiert bereits → dropped
2026-01-19 15:37:41 [jobsCH] INFO: Bau-/Projektleiter/in 80-100% existiert bereits → dropped
2026-01-19 15:37:46 [jobsCH] INFO: Kinder- und Jugendbeauftragte/r existiert bereits → dropped
2026-01-19 15:37:48 [jobsCH] INFO: Mitarbeitende/r Administration (80-100 %) existiert bereits → dropped
2026-01-19 15:37:51 [jobsCH] INFO: Software Engineer (w/m/d) existiert bereits → dropped
2026-01-19 15:38:04 [jobsCH] INFO: Senior Accountant / Controller (m/w/d, 80-100%) existiert bereits → dropped
2026-01-19 15:38:05 [jobsCH] INFO: International Key Account Manager existiert bereits → dropped
2026-01-19 15:38:06 [jobsCH] INFO: Sponsoring- & Fundraising Profi (m/w/d) 80-100% existiert bereits → dropped
2026-01-19 15:38:07 [jobsCH] INFO: Pflegehilfe SRK (m/w/d) Langzeitpflege existiert bereits → dropped
2026-01-19 15:38:16 [jobsCH] INFO: Schreiner/in - Top Firma und Stundenlohn gespeichert 
2026-01-19 15:38:17 [jobsCH] INFO: Corporate Partnership Specialist gespeichert 
2026-01-19 15:38:18 [jobsCH] INFO: Inbetriebnahmetechniker. 100% Lohn. 4.5 Tage/Woche. gespeichert 
2026-01-19 15:38:29 [jobsCH] INFO: Servicetechniker:in Industrieanlagen gespeichert 
2026-01-19 15:38:37 [jobsCH] INFO: Consultant 100% (m/w/d) - Luzern gespeichert 
2026-01-19 15:38:38 [jobsCH] INFO: HR-SPEZIALIST:IN (A) | unbefristet | 80 - 100 % gespeichert 
2026-01-19 15:38:40 [jobsCH] INFO: Mitarbeiter/in Treuhand gespeichert 
2026-01-19 15:38:44 [jobsCH] INFO: Scrapy 2.14.0 reached its limit after 7 items → stopped crawling.
