2026-01-19 16:37:52 [scrapy.utils.log] INFO: Scrapy 2.14.0 started (bot: jobsCrawler)
2026-01-19 16:38:04 [jobsCH] INFO: Mitarbeiter/-in für unseren Pflegepool existiert bereits → dropped
2026-01-19 16:38:05 [jobsCH] INFO: Kalkulator von Bauausschreibungen 100% (m/w/d) existiert bereits → dropped
2026-01-19 16:38:06 [jobsCH] INFO: System Engineer existiert bereits → dropped
2026-01-19 16:38:08 [jobsCH] INFO: Sachbearbeiter ambulante Auslandsleistungen (m/w/d) existiert bereits → dropped
2026-01-19 16:38:16 [jobsCH] INFO: Dipl. Pflegefachfrau / Pflegefachmann mit Berufsbildner-Funktion (a) 80-100% existiert bereits → dropped
2026-01-19 16:38:21 [jobsCH] INFO: Fachfrau/ Fachmann für Klinische Surveillance (a) 40-60% existiert bereits → dropped
2026-01-19 16:38:23 [jobsCH] INFO: Fachperson Gesundheit, Standort Dorflinde existiert bereits → dropped
2026-01-19 16:38:28 [jobsCH] INFO: Senior Strategy Consultant 100% (a) existiert bereits → dropped
2026-01-19 16:38:30 [jobsCH] INFO: Pflegefachfrau / Pflegefachmann HF in Ausbildung Somatik, 4 Jahre (w/m/d) existiert bereits → dropped
2026-01-19 16:38:32 [jobsCH] INFO: Fachfrau / Fachmann Gesundheit im Bereich der Palliative Care existiert bereits → dropped
2026-01-19 16:38:35 [jobsCH] INFO: Servicemonteur Region Deutschschweiz 100% existiert bereits → dropped
2026-01-19 16:38:40 [jobsCH] INFO: Firmenkunden-Beraterin, Firmenkunden-Berater mit Fokus Kommerz- und Immobilienkunden (a) existiert bereits → dropped
2026-01-19 16:38:43 [jobsCH] INFO: Technische(r) Planer/in & Deviseur/in zur Erstellung von Leistungsverzeichnissen für Abdichtungen von Hoch- und Ingenieurbauten 80-100% existiert bereits → dropped
2026-01-19 16:38:45 [jobsCH] INFO: Senior System Engineer (a) (80  100%) gespeichert 
2026-01-19 16:38:48 [jobsCH] INFO: Sachbearbeiter / In AVOR 80-100% gespeichert 
2026-01-19 16:38:57 [jobsCH] INFO: Vorarbeiter:in Tiefbau und Strassenbau gespeichert 
2026-01-19 16:38:58 [jobsCH] INFO: Mitarbeiter:in Verkauf 60% gespeichert 
2026-01-19 16:39:00 [jobsCH] INFO: Allrounder (Lager - Technik) 80% gespeichert 
2026-01-19 16:39:01 [jobsCH] INFO: Aufzugs-Monteur:in Ersatzanlagen 100% gespeichert 
2026-01-19 16:39:09 [jobsCH] INFO: HR Business Partner (w/m/d) gespeichert 
2026-01-19 16:39:14 [jobsCH] INFO: Scrapy 2.14.0 reached its limit after 7 items → stopped crawling.
