2026-01-19 16:27:25 [scrapy.utils.log] INFO: Scrapy 2.14.0 started (bot: jobsCrawler)
2026-01-19 16:27:38 [jobsCH] INFO: Mitarbeiter/-in für unseren Pflegepool existiert bereits → dropped
2026-01-19 16:27:38 [jobsCH] INFO: Kalkulator von Bauausschreibungen 100% (m/w/d) existiert bereits → dropped
2026-01-19 16:27:40 [jobsCH] INFO: System Engineer existiert bereits → dropped
2026-01-19 16:27:42 [jobsCH] INFO: Orthopädie - Schuhmacherin/Schuhmacher (m/w/d) 50-100 % existiert bereits → dropped
2026-01-19 16:27:50 [jobsCH] INFO: Dipl. Pflegefachfrau / Pflegefachmann mit Berufsbildner-Funktion (a) 80-100% existiert bereits → dropped
2026-01-19 16:27:56 [jobsCH] INFO: Fachfrau/ Fachmann für Klinische Surveillance (a) 40-60% existiert bereits → dropped
2026-01-19 16:27:58 [jobsCH] INFO: Fachperson Gesundheit, Standort Dorflinde existiert bereits → dropped
2026-01-19 16:28:03 [jobsCH] INFO: Senior Strategy Consultant 100% (a) existiert bereits → dropped
2026-01-19 16:28:05 [jobsCH] INFO: Pflegefachfrau / Pflegefachmann HF in Ausbildung Somatik, 4 Jahre (w/m/d) existiert bereits → dropped
2026-01-19 16:28:08 [jobsCH] INFO: Fachfrau / Fachmann Gesundheit im Bereich der Palliative Care existiert bereits → dropped
2026-01-19 16:28:10 [jobsCH] INFO: Servicemonteur Region Deutschschweiz 100% existiert bereits → dropped
2026-01-19 16:28:15 [jobsCH] INFO: Firmenkunden-Beraterin, Firmenkunden-Berater mit Fokus Kommerz- und Immobilienkunden (a) existiert bereits → dropped
2026-01-19 16:28:17 [jobsCH] INFO: Technische(r) Planer/in & Deviseur/in zur Erstellung von Leistungsverzeichnissen für Abdichtungen von Hoch- und Ingenieurbauten 80-100% existiert bereits → dropped
2026-01-19 16:28:20 [jobsCH] INFO: Senior System Engineer (a) (80  100%) existiert bereits → dropped
2026-01-19 16:28:22 [jobsCH] INFO: Sachbearbeiter / In AVOR 80-100% existiert bereits → dropped
2026-01-19 16:28:31 [jobsCH] INFO: Vorarbeiter:in Tiefbau und Strassenbau existiert bereits → dropped
2026-01-19 16:28:32 [jobsCH] INFO: Mitarbeiter:in Verkauf 60% existiert bereits → dropped
2026-01-19 16:28:33 [jobsCH] INFO: Allrounder (Lager - Technik) 80% existiert bereits → dropped
2026-01-19 16:28:35 [jobsCH] INFO: Aufzugs-Monteur:in Ersatzanlagen 100% existiert bereits → dropped
2026-01-19 16:28:42 [jobsCH] INFO: HR Business Partner (w/m/d) existiert bereits → dropped
2026-01-19 16:28:44 [jobsCH] INFO: Ergotherapeut:in / Physiotherapeut:in Handtherapie 80% existiert bereits → dropped
2026-01-19 16:28:46 [jobsCH] INFO: Workforce Planner (w/m/d) existiert bereits → dropped
2026-01-19 16:28:50 [jobsCH] INFO: Distribution Manager 60-80% (m/w/d) existiert bereits → dropped
2026-01-19 16:28:54 [jobsCH] INFO: Personalberater/in  für ambitionierte Quereinsteiger oder erfahrene Profis existiert bereits → dropped
2026-01-19 16:28:54 [jobsCH] INFO: Rechtsanwältin/Rechtsanwalt für den Bereich M&A/Private Equity/Venture Capital (Berufseinstieg) existiert bereits → dropped
2026-01-19 16:28:57 [jobsCH] INFO: Fachperson Nachtwache (m/w/d) 60-70% existiert bereits → dropped
2026-01-19 16:29:02 [jobsCH] INFO: Crew Mitarbeiter/in McDonald`s Aarberg (Teilzeit) existiert bereits → dropped
2026-01-19 16:29:06 [jobsCH] INFO: Betriebsmechaniker / Techniker Münsterlingen (m/w/d) 100% existiert bereits → dropped
2026-01-19 16:29:09 [jobsCH] INFO: Restaurant Metropol, Chef de Service w/m existiert bereits → dropped
2026-01-19 16:29:13 [jobsCH] INFO: Verkaufsspezialist/-in Objektküchen Zentralschweiz existiert bereits → dropped
2026-01-19 16:29:18 [jobsCH] INFO: Sales Agent Telekommunikation 100%) - Region Chur existiert bereits → dropped
2026-01-19 16:29:20 [jobsCH] INFO: Bau-/Projektleiter/in 80-100% existiert bereits → dropped
2026-01-19 16:29:25 [jobsCH] INFO: Kinder- und Jugendbeauftragte/r existiert bereits → dropped
2026-01-19 16:29:28 [jobsCH] INFO: Mitarbeitende/r Administration (80-100 %) existiert bereits → dropped
2026-01-19 16:29:31 [jobsCH] INFO: Software Engineer (w/m/d) existiert bereits → dropped
2026-01-19 16:29:43 [jobsCH] INFO: Senior Accountant / Controller (m/w/d, 80-100%) existiert bereits → dropped
2026-01-19 16:29:44 [jobsCH] INFO: International Key Account Manager existiert bereits → dropped
2026-01-19 16:29:45 [jobsCH] INFO: Sponsoring- & Fundraising Profi (m/w/d) 80-100% existiert bereits → dropped
2026-01-19 16:29:46 [jobsCH] INFO: Pflegehilfe SRK (m/w/d) Langzeitpflege existiert bereits → dropped
2026-01-19 16:29:54 [jobsCH] INFO: Schreiner/in - Top Firma und Stundenlohn existiert bereits → dropped
2026-01-19 16:29:55 [jobsCH] INFO: Corporate Partnership Specialist existiert bereits → dropped
2026-01-19 16:29:56 [jobsCH] INFO: Inbetriebnahmetechniker. 100% Lohn. 4.5 Tage/Woche. existiert bereits → dropped
2026-01-19 16:30:06 [jobsCH] INFO: Servicetechniker:in Industrieanlagen existiert bereits → dropped
2026-01-19 16:30:13 [jobsCH] INFO: Consultant 100% (m/w/d) - Luzern existiert bereits → dropped
2026-01-19 16:30:15 [jobsCH] INFO: HR-SPEZIALIST:IN (A) | unbefristet | 80 - 100 % existiert bereits → dropped
2026-01-19 16:30:16 [jobsCH] INFO: Mitarbeiter/in Treuhand existiert bereits → dropped
2026-01-19 16:30:18 [jobsCH] INFO: Responsabile Team Logistica 100% (m/f/d) existiert bereits → dropped
2026-01-19 16:30:25 [jobsCH] INFO: Laboratory Technician (m/f/d) in Disease Control Whole Plant Screening existiert bereits → dropped
2026-01-19 16:30:26 [jobsCH] INFO: Bilingual Science Editor Communication (m/f/d) (100 %) existiert bereits → dropped
2026-01-19 16:30:27 [jobsCH] INFO: Junior Projektleiter:in Elektro - Starte deine Karriere im Projektalltag existiert bereits → dropped
2026-01-19 16:30:30 [jobsCH] INFO: (Junior) Projektleiter 60 - 100 % (m/w/d) existiert bereits → dropped
2026-01-19 16:30:38 [jobsCH] INFO: Abteilungs-/Projektleiter Spenglerei (m/w/d) existiert bereits → dropped
2026-01-19 16:30:42 [jobsCH] INFO: Communication Systems Engineer existiert bereits → dropped
2026-01-19 16:30:45 [jobsCH] INFO: Senior System Engineer (80-100%) mit Fachverantwortung gespeichert 
2026-01-19 16:30:46 [jobsCH] INFO: Technische*r Immobilienbewirtschafter*in gespeichert 
2026-01-19 16:30:50 [jobsCH] INFO: Privatkundenberater Fokus Anlagen (w/m/d) gespeichert 
2026-01-19 16:30:55 [jobsCH] INFO: Physiotherapeut/-in ambulant MSK gespeichert 
2026-01-19 16:30:58 [jobsCH] INFO: Lehrstelle als Detailhandelsfachfrau/-mann Consumer Electronics in Glattzentrum ab August 2026 gespeichert 
2026-01-19 16:30:59 [jobsCH] INFO: Projektleiter:in Wärme & Energietechnik (Senior Level)m/w/d gespeichert 
2026-01-19 16:31:02 [jobsCH] INFO: Kundenberater:in mit Potential gespeichert 
2026-01-19 16:31:06 [jobsCH] INFO: Scrapy 2.14.0 reached its limit after 7 items → stopped crawling.
