2026-01-19 16:41:03 [scrapy.utils.log] INFO: Scrapy 2.14.0 started (bot: jobsCrawler)
2026-01-19 16:41:15 [jobsCH] INFO: Mitarbeiter/-in für unseren Pflegepool gespeichert 
2026-01-19 16:41:16 [jobsCH] INFO: Kalkulator von Bauausschreibungen 100% (m/w/d) gespeichert 
2026-01-19 16:41:18 [jobsCH] INFO: System Engineer gespeichert 
2026-01-19 16:41:20 [jobsCH] INFO: Sachbearbeiter ambulante Auslandsleistungen (m/w/d) gespeichert 
2026-01-19 16:41:27 [jobsCH] INFO: Dipl. Pflegefachfrau / Pflegefachmann mit Berufsbildner-Funktion (a) 80-100% gespeichert 
2026-01-19 16:41:33 [jobsCH] INFO: Fachfrau/ Fachmann für Klinische Surveillance (a) 40-60% gespeichert 
2026-01-19 16:41:35 [jobsCH] INFO: Fachperson Gesundheit, Standort Dorflinde gespeichert 
2026-01-19 16:41:40 [jobsCH] INFO: Senior Strategy Consultant 100% (a) gespeichert 
2026-01-19 16:41:43 [jobsCH] INFO: Pflegefachfrau / Pflegefachmann HF in Ausbildung Somatik, 4 Jahre (w/m/d) gespeichert 
2026-01-19 16:41:46 [jobsCH] INFO: Fachfrau / Fachmann Gesundheit im Bereich der Palliative Care gespeichert 
2026-01-19 16:41:48 [jobsCH] INFO: Servicemonteur Region Deutschschweiz 100% gespeichert 
2026-01-19 16:41:53 [jobsCH] INFO: Firmenkunden-Beraterin, Firmenkunden-Berater mit Fokus Kommerz- und Immobilienkunden (a) gespeichert 
2026-01-19 16:41:56 [jobsCH] INFO: Technische(r) Planer/in & Deviseur/in zur Erstellung von Leistungsverzeichnissen für Abdichtungen von Hoch- und Ingenieurbauten 80-100% gespeichert 
2026-01-19 16:41:58 [jobsCH] INFO: Senior System Engineer (a) (80  100%) gespeichert 
2026-01-19 16:41:59 [jobsCH] INFO: Sachbearbeiter / In AVOR 80-100% gespeichert 
2026-01-19 16:42:10 [jobsCH] INFO: Vorarbeiter:in Tiefbau und Strassenbau gespeichert 
2026-01-19 16:42:11 [jobsCH] INFO: Mitarbeiter:in Verkauf 60% gespeichert 
2026-01-19 16:42:12 [jobsCH] INFO: Allrounder (Lager - Technik) 80% gespeichert 
2026-01-19 16:42:13 [jobsCH] INFO: Aufzugs-Monteur:in Ersatzanlagen 100% gespeichert 
2026-01-19 16:42:22 [jobsCH] INFO: HR Business Partner (w/m/d) gespeichert 
2026-01-19 16:42:24 [jobsCH] INFO: Ergotherapeut:in / Physiotherapeut:in Handtherapie 80% gespeichert 
2026-01-19 16:42:27 [jobsCH] INFO: Workforce Planner (w/m/d) gespeichert 
2026-01-19 16:42:31 [jobsCH] INFO: Distribution Manager 60-80% (m/w/d) gespeichert 
2026-01-19 16:42:36 [jobsCH] INFO: Personalberater/in  für ambitionierte Quereinsteiger oder erfahrene Profis gespeichert 
2026-01-19 16:42:37 [jobsCH] INFO: Rechtsanwältin/Rechtsanwalt für den Bereich M&A/Private Equity/Venture Capital (Berufseinstieg) gespeichert 
2026-01-19 16:42:39 [jobsCH] INFO: Fachperson Nachtwache (m/w/d) 60-70% gespeichert 
2026-01-19 16:42:45 [jobsCH] INFO: Crew Mitarbeiter/in McDonald`s Aarberg (Teilzeit) gespeichert 
2026-01-19 16:42:48 [jobsCH] INFO: Betriebsmechaniker / Techniker Münsterlingen (m/w/d) 100% gespeichert 
2026-01-19 16:42:52 [jobsCH] INFO: Restaurant Metropol, Chef de Service w/m gespeichert 
2026-01-19 16:42:56 [jobsCH] INFO: Verkaufsspezialist/-in Objektküchen Zentralschweiz gespeichert 
2026-01-19 16:43:01 [jobsCH] INFO: Sales Agent Telekommunikation 100%) - Region Chur gespeichert 
2026-01-19 16:43:03 [jobsCH] INFO: Bau-/Projektleiter/in 80-100% gespeichert 
2026-01-19 16:43:08 [jobsCH] INFO: Kinder- und Jugendbeauftragte/r gespeichert 
2026-01-19 16:43:11 [jobsCH] INFO: Mitarbeitende/r Administration (80-100 %) gespeichert 
2026-01-19 16:43:14 [jobsCH] INFO: Software Engineer (w/m/d) gespeichert 
2026-01-19 16:43:24 [jobsCH] INFO: Senior Accountant / Controller (m/w/d, 80-100%) gespeichert 
2026-01-19 16:43:26 [jobsCH] INFO: International Key Account Manager gespeichert 
2026-01-19 16:43:27 [jobsCH] INFO: Sponsoring- & Fundraising Profi (m/w/d) 80-100% gespeichert 
2026-01-19 16:43:29 [jobsCH] INFO: Pflegehilfe SRK (m/w/d) Langzeitpflege gespeichert 
2026-01-19 16:43:36 [jobsCH] INFO: Schreiner/in - Top Firma und Stundenlohn gespeichert 
2026-01-19 16:43:37 [jobsCH] INFO: Corporate Partnership Specialist gespeichert 
2026-01-19 16:43:39 [jobsCH] INFO: Inbetriebnahmetechniker. 100% Lohn. 4.5 Tage/Woche. gespeichert 
2026-01-19 16:43:48 [jobsCH] INFO: Servicetechniker:in Industrieanlagen gespeichert 
2026-01-19 16:43:54 [jobsCH] INFO: Consultant 100% (m/w/d) - Luzern gespeichert 
2026-01-19 16:43:55 [jobsCH] INFO: HR-SPEZIALIST:IN (A) | unbefristet | 80 - 100 % gespeichert 
2026-01-19 16:43:56 [jobsCH] INFO: Mitarbeiter/in Treuhand gespeichert 
2026-01-19 16:43:58 [jobsCH] INFO: Responsabile Team Logistica 100% (m/f/d) gespeichert 
2026-01-19 16:44:05 [jobsCH] INFO: Laboratory Technician (m/f/d) in Disease Control Whole Plant Screening gespeichert 
2026-01-19 16:44:06 [jobsCH] INFO: Bilingual Science Editor Communication (m/f/d) (100 %) gespeichert 
2026-01-19 16:44:07 [jobsCH] INFO: Junior Projektleiter:in Elektro - Starte deine Karriere im Projektalltag gespeichert 
2026-01-19 16:44:09 [jobsCH] INFO: (Junior) Projektleiter 60 - 100 % (m/w/d) gespeichert 
2026-01-19 16:44:17 [jobsCH] INFO: Abteilungs-/Projektleiter Spenglerei (m/w/d) gespeichert 
2026-01-19 16:44:22 [jobsCH] INFO: Communication Systems Engineer gespeichert 
2026-01-19 16:44:25 [jobsCH] INFO: Senior System Engineer (80-100%) mit Fachverantwortung gespeichert 
2026-01-19 16:44:26 [jobsCH] INFO: Technische*r Immobilienbewirtschafter*in gespeichert 
2026-01-19 16:44:30 [jobsCH] INFO: Privatkundenberater Fokus Anlagen (w/m/d) gespeichert 
2026-01-19 16:44:35 [jobsCH] INFO: Physiotherapeut/-in ambulant MSK gespeichert 
2026-01-19 16:44:37 [jobsCH] INFO: Lehrstelle als Detailhandelsfachfrau/-mann Consumer Electronics in Glattzentrum ab August 2026 gespeichert 
2026-01-19 16:44:38 [jobsCH] INFO: Projektleiter:in Wärme & Energietechnik (Senior Level)m/w/d gespeichert 
2026-01-19 16:44:42 [jobsCH] INFO: Kundenberater:in mit Potential gespeichert 
2026-01-19 16:44:47 [jobsCH] INFO: Qualitätsprüfer gespeichert 
2026-01-19 16:44:50 [jobsCH] INFO: Mécanicien en machines de chantier, ferroviaire et génie civil (h/f/d) gespeichert 
2026-01-19 16:44:54 [jobsCH] INFO: Direktionsdelegierte/r Vertrieb Vorsorge (m/w/d) gespeichert 
2026-01-19 16:44:59 [jobsCH] INFO: Dipl. Pflegefachfrau/-mann mit Fallführung 50- 80% gespeichert 
2026-01-19 16:45:01 [jobsCH] INFO: Schreiner (m/w/d) 100% gespeichert 
2026-01-19 16:45:03 [jobsCH] INFO: Marketing/Social Media Creator(in) zu 100% gespeichert 
2026-01-19 16:45:06 [jobsCH] INFO: Projektleiter:in / Projektingenieur:in Elektrotechnik, Unterwerke 80-100% - Zürich gespeichert 
2026-01-19 16:45:13 [jobsCH] INFO: Schichtleiter*in Sensorfertigung gespeichert 
2026-01-19 16:45:15 [jobsCH] INFO: Kranführer gespeichert 
2026-01-19 16:45:18 [jobsCH] INFO: Dipl. Pflegefachmann/-frau Psychotherapie, vorwiegend im Nachtdienst gespeichert 
2026-01-19 16:45:19 [jobsCH] INFO: Diätköchin/Diätkoch FA in Ausbildung 2026 (a) gespeichert 
2026-01-19 16:45:26 [jobsCH] INFO: Dipl. Pflegefachperson (a) HF/FH - Temporäre Anstellung - Psychiatrie gespeichert 
2026-01-19 16:45:27 [jobsCH] INFO: Fachfrau / Fachmann Gesundheit EFZ 50-100% gespeichert 
2026-01-19 16:45:38 [jobsCH] INFO: Dipl. Pflegefachfrau:mann Acute Medical Care Unit (AMC) gespeichert 
2026-01-19 16:45:49 [jobsCH] INFO: Pflegefachfrau / Pflegefachmann Intensivmedizin gespeichert 
2026-01-19 16:45:53 [jobsCH] INFO: Studierende*r für die Ausbildung zur Dipl. Pflegefachfrau/-mann HF gespeichert 
2026-01-19 16:45:56 [jobsCH] INFO: Verkäufer / Verkaufsleiter gespeichert 
2026-01-19 16:45:57 [jobsCH] INFO: Sachbearbeiter Backoffice D/E 100% (a) gespeichert 
2026-01-19 16:46:02 [jobsCH] INFO: Verkäufer/in / Planer/in von Küche und Bad 100% / Fest gespeichert 
2026-01-19 16:46:10 [jobsCH] INFO: Technischer Projektleiter Automation (m/w/d) gespeichert 
2026-01-19 16:46:26 [jobsCH] INFO: Kundenberater/in Inbound Contact Center DE/IT 80-100% – Quereinsteiger/innen mit Verkaufsflair sind herzlich willkomme gespeichert 
2026-01-19 16:46:36 [jobsCH] INFO: Dipl. Pflegefachperson 60%, SKU Buttenau - Ohne Nachtdienste gespeichert 
2026-01-19 16:46:41 [jobsCH] INFO: Zimmermann EFZ 100% (m/w/d) - Wenn du sauber montierst, bist du hier Gold wert. Elementbau ohne Bull gespeichert 
2026-01-19 16:46:43 [jobsCH] INFO: Fachspezialist*in Privatkunden 50 – 100% gespeichert 
2026-01-19 16:46:53 [jobsCH] INFO: Stellvertreter/in Leiter Kanzleidienste gespeichert 
2026-01-19 16:46:55 [jobsCH] INFO: Leiter Facility Management im Bereich Healthcare (a) gespeichert 
2026-01-19 16:47:01 [jobsCH] INFO: Fachkraft Spezialreinigung 100% (m/w) gespeichert 
2026-01-19 16:47:06 [jobsCH] INFO: Erfahrene/r Jurist/in für den Rechtsdienst (a) gespeichert 
2026-01-19 16:47:07 [jobsCH] INFO: ICT Teamleader Microsoft D365 Application Management (all genders) gespeichert 
2026-01-19 16:47:09 [jobsCH] INFO: Sachbearbeiter Steuern (m/w) gespeichert 
2026-01-19 16:47:15 [jobsCH] INFO: Sachbearbeiter:In Debitorenbuchhaltung 80-100% gespeichert 
2026-01-19 16:47:18 [jobsCH] INFO: Studienkoordinatorin / Studienkoordinator Tumorzentrum 80-100% gespeichert 
2026-01-19 16:47:22 [jobsCH] INFO: Mitarbeiter Verkaufssupport (w/m/d) Stadt Zürich gespeichert 
2026-01-19 16:47:27 [jobsCH] INFO: Hochschulpraktikantin / Hochschulpraktikant Dienst Cyber- und Wirtschaftsdelikte (80–100 %) gespeichert 
2026-01-19 16:47:32 [jobsCH] INFO: Sales Specialist PV & eMob gespeichert 
2026-01-19 16:47:34 [jobsCH] INFO: Versicherungsberater (alle) gespeichert 
2026-01-19 16:47:37 [jobsCH] INFO: Talent for Sales Management (a) 100% gespeichert 
2026-01-19 16:47:44 [jobsCH] INFO: Koch / Köchin EFZ (100%) gespeichert 
2026-01-19 16:47:45 [jobsCH] INFO: Fallführende*r Oberärztin/Oberarzt Innere Medizin (auch im Auftragsverhältnis) gespeichert 
2026-01-19 16:47:47 [jobsCH] INFO: Fachfrau/-mann Gesundheit gespeichert 
2026-01-19 16:47:51 [jobsCH] INFO: Scrapy 2.14.0 reached its limit after 100 items → stopped crawling.
